{
  "RSpec": {
    "coverage": {
      "/Users/bendowsett/Desktop/Projects/airbnb/app.rb": {
        "lines": [
          1,
          1,
          1,
          1,
          1,
          null,
          1,
          1,
          1,
          0,
          null,
          null,
          1,
          9,
          9,
          9,
          null,
          null,
          1,
          3,
          null,
          null,
          1,
          3,
          3,
          null,
          null,
          1,
          3,
          null,
          null,
          1,
          3,
          3,
          null,
          null,
          1,
          3,
          null,
          null,
          1,
          2,
          null,
          null,
          1,
          2,
          2,
          null,
          null,
          1,
          2,
          null,
          null,
          1,
          1,
          null,
          null,
          1,
          null,
          1,
          1,
          1,
          1,
          null,
          null,
          1,
          1,
          null,
          null,
          1,
          null
        ]
      },
      "/Users/bendowsett/Desktop/Projects/airbnb/lib/account.rb": {
        "lines": [
          1,
          null,
          1,
          1,
          null,
          null,
          1,
          4,
          4,
          4,
          4,
          null,
          null,
          1,
          3,
          3,
          null,
          0,
          null,
          3,
          3,
          3,
          null,
          null,
          1,
          7,
          7,
          null,
          0,
          null,
          7,
          11,
          null,
          null,
          null,
          1,
          1,
          1,
          null,
          0,
          null,
          1,
          1,
          1,
          null,
          0,
          null,
          null,
          null,
          null
        ]
      },
      "/Users/bendowsett/Desktop/Projects/airbnb/spec/account_spec.rb": {
        "lines": [
          1,
          null,
          1,
          1,
          1,
          1,
          1,
          1,
          1,
          null,
          null
        ]
      },
      "/Users/bendowsett/Desktop/Projects/airbnb/spec/book_spec.rb": {
        "lines": [
          1,
          1,
          1,
          1,
          1,
          null,
          null
        ]
      },
      "/Users/bendowsett/Desktop/Projects/airbnb/spec/features/add_a_new_space_spec.rb": {
        "lines": [
          1,
          null,
          1,
          1,
          1,
          1,
          1,
          1,
          1,
          1,
          1,
          1,
          1,
          1,
          null,
          null,
          null
        ]
      },
      "/Users/bendowsett/Desktop/Projects/airbnb/spec/features/check_if_date_is_available_spec.rb": {
        "lines": [
          1,
          null,
          1,
          1,
          null,
          null,
          null,
          null,
          null,
          1,
          1,
          1,
          1,
          1,
          1,
          null,
          1,
          1,
          1,
          1,
          null,
          1,
          null,
          null,
          1,
          1,
          1,
          1,
          null,
          null,
          null,
          null,
          1,
          null,
          null,
          null,
          null
        ]
      },
      "/Users/bendowsett/Desktop/Projects/airbnb/spec/features/create_an_account_spec.rb": {
        "lines": [
          1,
          null,
          1,
          null,
          1,
          1,
          1,
          1,
          1,
          1,
          1,
          null,
          1,
          1,
          null,
          null,
          null
        ]
      },
      "/Users/bendowsett/Desktop/Projects/airbnb/spec/features/log_in_spec.rb": {
        "lines": [
          1,
          null,
          1,
          null,
          1,
          1,
          1,
          1,
          1,
          1,
          1,
          null,
          1,
          1,
          1,
          1,
          null,
          1,
          null,
          null,
          null,
          null
        ]
      },
      "/Users/bendowsett/Desktop/Projects/airbnb/spec/features/make_booking_spec.rb": {
        "lines": [
          1,
          null,
          1,
          null,
          1,
          1,
          1,
          1,
          1,
          1,
          1,
          null,
          1,
          1,
          1,
          1,
          null,
          null,
          1,
          null,
          null,
          null,
          null
        ]
      },
      "/Users/bendowsett/Desktop/Projects/airbnb/spec/space_spec.rb": {
        "lines": [
          null,
          null,
          1,
          1,
          1,
          1,
          null,
          null
        ]
      }
    },
    "timestamp": 1637230741
  }
}
